<testsuites id="" name="" tests="4" failures="0" skipped="0" errors="0" time="6.760442">
<testsuite name="00th_scenario_login.spec.ts" timestamp="2024-09-29T07:47:39.338Z" hostname="Microsoft Edge" tests="2" failures="0" skipped="0" time="6.047" errors="0">
<testcase name="00th - Login Scenario › TC-0001: Login to inventory page" classname="00th_scenario_login.spec.ts" time="3.382">
</testcase>
<testcase name="00th - Login Scenario › TC-0002: Login with locked user" classname="00th_scenario_login.spec.ts" time="2.665">
</testcase>
</testsuite>
<testsuite name="01st_scenario_inventory.spec.ts" timestamp="2024-09-29T07:47:39.338Z" hostname="Microsoft Edge" tests="2" failures="0" skipped="0" time="6.128" errors="0">
<testcase name="01st - Inventory Scenario › TC-0101: Navigation to product detail" classname="01st_scenario_inventory.spec.ts" time="3.452">
</testcase>
<testcase name="01st - Inventory Scenario › TC-0102: Add product to cart" classname="01st_scenario_inventory.spec.ts" time="2.676">
</testcase>
</testsuite>
</testsuites>